<?xml version="1.0" encoding="UTF-8"?>
<!-- Generated by org.testng.reporters.JUnitReportReporter -->
<testsuite skipped="0" hostname="JMVirani" name="com.testing.AppTest" tests="1" failures="0" timestamp="2020-02-25T15:15:34 EST" time="0.010" errors="0">
  <testcase name="shouldAnswerWithTrue" time="0.010" classname="com.testing.AppTest"/>
</testsuite> <!-- com.testing.AppTest -->
